npm verbose cli C:\Program Files\nodejs\node.exe C:\Program Files\nodejs\node_modules\npm\bin\npm-cli.js
npm info using npm@10.9.4
npm info using node@v22.21.1
npm verbose title npm install googlethis
npm verbose argv "install" "googlethis" "--loglevel" "verbose"
npm verbose logfile logs-max:10 dir:C:\Users\engineer\AppData\Local\npm-cache\_logs\2026-03-01T07_50_30_460Z-
npm verbose logfile C:\Users\engineer\AppData\Local\npm-cache\_logs\2026-03-01T07_50_30_460Z-debug-0.log
npm http fetch GET 200 https://registry.npmjs.org/marked 307ms (cache revalidated)
npm http cache https://registry.npmjs.org/googlethis 5ms (cache hit)
npm http fetch GET 200 https://registry.npmjs.org/electron 115ms (cache revalidated)
npm http cache https://registry.npmjs.org/axios 10ms (cache hit)
npm http cache https://registry.npmjs.org/form-data 19ms (cache hit)
npm http cache https://registry.npmjs.org/cheerio 22ms (cache hit)
npm http cache https://registry.npmjs.org/unraw 23ms (cache hit)
npm http fetch GET 200 https://registry.npmjs.org/@types%2fnode 149ms (cache revalidated)
npm http fetch GET 200 https://registry.npmjs.org/extract-zip 314ms (cache revalidated)
npm http fetch GET 200 https://registry.npmjs.org/@electron%2fget 434ms (cache revalidated)
npm http fetch GET 200 https://registry.npmjs.org/got 94ms (cache revalidated)
npm http fetch GET 200 https://registry.npmjs.org/progress 136ms (cache revalidated)
npm http fetch GET 200 https://registry.npmjs.org/debug 154ms (cache revalidated)
npm http fetch GET 200 https://registry.npmjs.org/undici-types 289ms (cache revalidated)
npm http fetch GET 200 https://registry.npmjs.org/yauzl 290ms (cache revalidated)
npm http fetch GET 200 https://registry.npmjs.org/fs-extra 293ms (cache revalidated)
npm http fetch GET 200 https://registry.npmjs.org/debug 294ms (cache revalidated)
npm http fetch GET 200 https://registry.npmjs.org/env-paths 296ms (cache revalidated)
npm http fetch GET 200 https://registry.npmjs.org/semver 297ms (cache revalidated)
npm http fetch GET 200 https://registry.npmjs.org/get-stream 297ms (cache revalidated)
npm http fetch GET 200 https://registry.npmjs.org/@types%2fyauzl 298ms (cache revalidated)
npm http fetch GET 200 https://registry.npmjs.org/sumchecker 312ms (cache revalidated)
npm http fetch GET 200 https://registry.npmjs.org/global-agent 334ms (cache revalidated)
npm http fetch GET 200 https://registry.npmjs.org/lowercase-keys 97ms (cache revalidated)
npm http fetch GET 200 https://registry.npmjs.org/graceful-fs 100ms (cache revalidated)
npm http fetch GET 200 https://registry.npmjs.org/universalify 101ms (cache revalidated)
npm http fetch GET 200 https://registry.npmjs.org/responselike 101ms (cache revalidated)
npm http fetch GET 200 https://registry.npmjs.org/http2-wrapper 102ms (cache revalidated)
npm http fetch GET 200 https://registry.npmjs.org/p-cancelable 107ms (cache revalidated)
npm http fetch GET 200 https://registry.npmjs.org/ms 111ms (cache revalidated)
npm http fetch GET 200 https://registry.npmjs.org/@sindresorhus%2fis 112ms (cache revalidated)
npm http fetch GET 200 https://registry.npmjs.org/es6-error 129ms (cache revalidated)
npm http fetch GET 200 https://registry.npmjs.org/boolean 131ms (cache revalidated)
npm http fetch GET 200 https://registry.npmjs.org/jsonfile 134ms (cache revalidated)
npm http fetch GET 200 https://registry.npmjs.org/matcher 134ms (cache revalidated)
npm http fetch GET 200 https://registry.npmjs.org/roarr 142ms (cache revalidated)
npm http fetch GET 200 https://registry.npmjs.org/cacheable-request 84ms (cache revalidated)
npm http fetch GET 200 https://registry.npmjs.org/decompress-response 97ms (cache revalidated)
npm http fetch GET 200 https://registry.npmjs.org/@szmarczak%2fhttp-timer 115ms (cache revalidated)
npm http fetch GET 200 https://registry.npmjs.org/cacheable-lookup 292ms (cache revalidated)
npm http fetch GET 200 https://registry.npmjs.org/@types%2fcacheable-request 200ms (cache revalidated)
npm http fetch GET 200 https://registry.npmjs.org/@types%2fresponselike 211ms (cache revalidated)
npm http fetch GET 200 https://registry.npmjs.org/serialize-error 340ms (cache revalidated)
npm http fetch GET 200 https://registry.npmjs.org/buffer-crc32 84ms (cache revalidated)
npm http fetch GET 200 https://registry.npmjs.org/pump 86ms (cache revalidated)
npm http fetch GET 200 https://registry.npmjs.org/fd-slicer 114ms (cache revalidated)
npm http fetch GET 200 https://registry.npmjs.org/end-of-stream 70ms (cache revalidated)
npm http fetch GET 200 https://registry.npmjs.org/once 114ms (cache revalidated)
npm http fetch GET 200 https://registry.npmjs.org/sprintf-js 84ms (cache revalidated)
npm http fetch GET 200 https://registry.npmjs.org/type-fest 125ms (cache revalidated)
npm http fetch GET 200 https://registry.npmjs.org/json-stringify-safe 135ms (cache revalidated)
npm http fetch GET 200 https://registry.npmjs.org/escape-string-regexp 137ms (cache revalidated)
npm http fetch GET 200 https://registry.npmjs.org/globalthis 148ms (cache revalidated)
npm http fetch GET 200 https://registry.npmjs.org/semver-compare 149ms (cache revalidated)
npm http fetch GET 200 https://registry.npmjs.org/detect-node 150ms (cache revalidated)
npm http cache https://registry.npmjs.org/follow-redirects 16ms (cache hit)
npm http cache https://registry.npmjs.org/htmlparser2 17ms (cache hit)
npm http cache https://registry.npmjs.org/domhandler 19ms (cache hit)
npm http cache https://registry.npmjs.org/asynckit 20ms (cache hit)
npm http cache https://registry.npmjs.org/tslib 21ms (cache hit)
npm http cache https://registry.npmjs.org/cheerio-select 21ms (cache hit)
npm http cache https://registry.npmjs.org/parse5 24ms (cache hit)
npm http cache https://registry.npmjs.org/parse5-htmlparser2-tree-adapter 24ms (cache hit)
npm http cache https://registry.npmjs.org/dom-serializer 24ms (cache hit)
npm http cache https://registry.npmjs.org/es-set-tostringtag 25ms (cache hit)
npm http cache https://registry.npmjs.org/combined-stream 26ms (cache hit)
npm http cache https://registry.npmjs.org/hasown 26ms (cache hit)
npm http cache https://registry.npmjs.org/mime-types 27ms (cache hit)
npm http cache https://registry.npmjs.org/css-what 34ms (cache hit)
npm http cache https://registry.npmjs.org/domelementtype 34ms (cache hit)
npm http cache https://registry.npmjs.org/domutils 36ms (cache hit)
npm http cache https://registry.npmjs.org/domelementtype 36ms (cache hit)
npm http cache https://registry.npmjs.org/css-select 37ms (cache hit)
npm http cache https://registry.npmjs.org/entities 39ms (cache hit)
npm http cache https://registry.npmjs.org/domelementtype 39ms (cache hit)
npm http cache https://registry.npmjs.org/domutils 39ms (cache hit)
npm http cache https://registry.npmjs.org/domelementtype 41ms (cache hit)
npm http cache https://registry.npmjs.org/entities 41ms (cache hit)
npm http cache https://registry.npmjs.org/nth-check 4ms (cache hit)
npm http cache https://registry.npmjs.org/boolbase 5ms (cache hit)
npm http cache https://registry.npmjs.org/has-tostringtag 8ms (cache hit)
npm http cache https://registry.npmjs.org/delayed-stream 9ms (cache hit)
npm http cache https://registry.npmjs.org/get-intrinsic 10ms (cache hit)
npm http cache https://registry.npmjs.org/function-bind 10ms (cache hit)
npm http cache https://registry.npmjs.org/mime-db 11ms (cache hit)
npm http fetch GET 200 https://registry.npmjs.org/es-errors 85ms (cache revalidated)
npm http cache https://registry.npmjs.org/get-proto 12ms (cache hit)
npm http cache https://registry.npmjs.org/has-symbols 13ms (cache hit)
npm http cache https://registry.npmjs.org/call-bind-apply-helpers 13ms (cache hit)
npm http cache https://registry.npmjs.org/math-intrinsics 14ms (cache hit)
npm http cache https://registry.npmjs.org/has-symbols 15ms (cache hit)
npm http cache https://registry.npmjs.org/es-object-atoms 15ms (cache hit)
npm http fetch GET 200 https://registry.npmjs.org/es-define-property 93ms (cache revalidated)
npm http fetch GET 200 https://registry.npmjs.org/gopd 122ms (cache revalidated)
npm http cache https://registry.npmjs.org/dunder-proto 4ms (cache hit)
npm http fetch GET 200 https://registry.npmjs.org/resolve-alpn 84ms (cache revalidated)
npm http fetch GET 200 https://registry.npmjs.org/keyv 86ms (cache revalidated)
npm http fetch GET 200 https://registry.npmjs.org/mimic-response 88ms (cache revalidated)
npm http fetch GET 200 https://registry.npmjs.org/normalize-url 89ms (cache revalidated)
npm http fetch GET 200 https://registry.npmjs.org/defer-to-connect 92ms (cache revalidated)
npm http fetch GET 200 https://registry.npmjs.org/quick-lru 93ms (cache revalidated)
npm http fetch GET 200 https://registry.npmjs.org/@types%2fhttp-cache-semantics 100ms (cache revalidated)
npm http fetch GET 200 https://registry.npmjs.org/http-cache-semantics 129ms (cache revalidated)
npm http fetch GET 200 https://registry.npmjs.org/clone-response 153ms (cache revalidated)
npm http fetch GET 200 https://registry.npmjs.org/@types%2fkeyv 192ms (cache revalidated)
npm http fetch GET 200 https://registry.npmjs.org/json-buffer 84ms (cache revalidated)
npm http fetch GET 200 https://registry.npmjs.org/wrappy 145ms (cache revalidated)
npm http fetch GET 200 https://registry.npmjs.org/define-properties 81ms (cache revalidated)
npm http fetch GET 200 https://registry.npmjs.org/has-property-descriptors 89ms (cache revalidated)
npm http fetch GET 200 https://registry.npmjs.org/object-keys 128ms (cache revalidated)
npm http fetch GET 200 https://registry.npmjs.org/define-data-property 153ms (cache revalidated)
npm http fetch GET 200 https://registry.npmjs.org/pend 90ms (cache revalidated)
npm http cache fd-slicer@https://registry.npmjs.org/fd-slicer/-/fd-slicer-1.1.0.tgz 0ms (cache hit)
npm http cache object-keys@https://registry.npmjs.org/object-keys/-/object-keys-1.1.1.tgz 0ms (cache hit)
npm http cache pend@https://registry.npmjs.org/pend/-/pend-1.2.0.tgz 0ms (cache hit)
npm http cache has-property-descriptors@https://registry.npmjs.org/has-property-descriptors/-/has-property-descriptors-1.0.2.tgz 0ms (cache hit)
npm http cache buffer-crc32@https://registry.npmjs.org/buffer-crc32/-/buffer-crc32-0.2.13.tgz 0ms (cache hit)
npm http cache type-fest@https://registry.npmjs.org/type-fest/-/type-fest-0.13.1.tgz 0ms (cache hit)
npm http cache define-properties@https://registry.npmjs.org/define-properties/-/define-properties-1.2.1.tgz 0ms (cache hit)
npm http cache define-data-property@https://registry.npmjs.org/define-data-property/-/define-data-property-1.1.4.tgz 0ms (cache hit)
npm http cache semver-compare@https://registry.npmjs.org/semver-compare/-/semver-compare-1.0.0.tgz 0ms (cache hit)
npm http cache sprintf-js@https://registry.npmjs.org/sprintf-js/-/sprintf-js-1.1.3.tgz 0ms (cache hit)
npm http cache json-stringify-safe@https://registry.npmjs.org/json-stringify-safe/-/json-stringify-safe-5.0.1.tgz 0ms (cache hit)
npm http cache globalthis@https://registry.npmjs.org/globalthis/-/globalthis-1.0.4.tgz 0ms (cache hit)
npm http cache wrappy@https://registry.npmjs.org/wrappy/-/wrappy-1.0.2.tgz 0ms (cache hit)
npm http cache detect-node@https://registry.npmjs.org/detect-node/-/detect-node-2.1.0.tgz 0ms (cache hit)
npm http cache end-of-stream@https://registry.npmjs.org/end-of-stream/-/end-of-stream-1.4.5.tgz 0ms (cache hit)
npm http cache escape-string-regexp@https://registry.npmjs.org/escape-string-regexp/-/escape-string-regexp-4.0.0.tgz 0ms (cache hit)
npm http cache once@https://registry.npmjs.org/once/-/once-1.4.0.tgz 0ms (cache hit)
npm http cache mime-db@https://registry.npmjs.org/mime-db/-/mime-db-1.52.0.tgz 0ms (cache hit)
npm http cache json-buffer@https://registry.npmjs.org/json-buffer/-/json-buffer-3.0.1.tgz 0ms (cache hit)
npm http cache resolve-alpn@https://registry.npmjs.org/resolve-alpn/-/resolve-alpn-1.2.1.tgz 1ms (cache hit)
npm http cache quick-lru@https://registry.npmjs.org/quick-lru/-/quick-lru-5.1.1.tgz 0ms (cache hit)
npm http cache mimic-response@https://registry.npmjs.org/mimic-response/-/mimic-response-1.0.1.tgz 0ms (cache hit)
npm http cache normalize-url@https://registry.npmjs.org/normalize-url/-/normalize-url-6.1.0.tgz 1ms (cache hit)
npm http cache keyv@https://registry.npmjs.org/keyv/-/keyv-4.5.4.tgz 0ms (cache hit)
npm http cache clone-response@https://registry.npmjs.org/clone-response/-/clone-response-1.0.3.tgz 0ms (cache hit)
npm http cache http-cache-semantics@https://registry.npmjs.org/http-cache-semantics/-/http-cache-semantics-4.2.0.tgz 0ms (cache hit)
npm http cache @types/keyv@https://registry.npmjs.org/@types/keyv/-/keyv-3.1.4.tgz 0ms (cache hit)
npm http cache @types/http-cache-semantics@https://registry.npmjs.org/@types/http-cache-semantics/-/http-cache-semantics-4.2.0.tgz 0ms (cache hit)
npm http cache responselike@https://registry.npmjs.org/responselike/-/responselike-2.0.1.tgz 0ms (cache hit)
npm http cache lowercase-keys@https://registry.npmjs.org/lowercase-keys/-/lowercase-keys-2.0.0.tgz 0ms (cache hit)
npm http cache defer-to-connect@https://registry.npmjs.org/defer-to-connect/-/defer-to-connect-2.0.1.tgz 0ms (cache hit)
npm http cache decompress-response@https://registry.npmjs.org/decompress-response/-/decompress-response-6.0.0.tgz 0ms (cache hit)
npm http cache p-cancelable@https://registry.npmjs.org/p-cancelable/-/p-cancelable-2.1.1.tgz 0ms (cache hit)
npm http cache http2-wrapper@https://registry.npmjs.org/http2-wrapper/-/http2-wrapper-1.0.3.tgz 0ms (cache hit)
npm http cache cacheable-request@https://registry.npmjs.org/cacheable-request/-/cacheable-request-7.0.4.tgz 0ms (cache hit)
npm http cache @types/cacheable-request@https://registry.npmjs.org/@types/cacheable-request/-/cacheable-request-6.0.3.tgz 0ms (cache hit)
npm http cache @types/responselike@https://registry.npmjs.org/@types/responselike/-/responselike-1.0.3.tgz 0ms (cache hit)
npm http cache cacheable-lookup@https://registry.npmjs.org/cacheable-lookup/-/cacheable-lookup-5.0.4.tgz 0ms (cache hit)
npm http cache @szmarczak/http-timer@https://registry.npmjs.org/@szmarczak/http-timer/-/http-timer-4.0.6.tgz 0ms (cache hit)
npm http cache @sindresorhus/is@https://registry.npmjs.org/@sindresorhus/is/-/is-4.6.0.tgz 0ms (cache hit)
npm http cache has-symbols@https://registry.npmjs.org/has-symbols/-/has-symbols-1.1.0.tgz 0ms (cache hit)
npm http cache math-intrinsics@https://registry.npmjs.org/math-intrinsics/-/math-intrinsics-1.1.0.tgz 0ms (cache hit)
npm http cache dunder-proto@https://registry.npmjs.org/dunder-proto/-/dunder-proto-1.0.1.tgz 0ms (cache hit)
npm http cache get-proto@https://registry.npmjs.org/get-proto/-/get-proto-1.0.1.tgz 0ms (cache hit)
npm http cache function-bind@https://registry.npmjs.org/function-bind/-/function-bind-1.1.2.tgz 0ms (cache hit)
npm http cache gopd@https://registry.npmjs.org/gopd/-/gopd-1.2.0.tgz 0ms (cache hit)
npm http cache es-define-property@https://registry.npmjs.org/es-define-property/-/es-define-property-1.0.1.tgz 0ms (cache hit)
npm http cache es-object-atoms@https://registry.npmjs.org/es-object-atoms/-/es-object-atoms-1.1.1.tgz 0ms (cache hit)
npm http cache has-tostringtag@https://registry.npmjs.org/has-tostringtag/-/has-tostringtag-1.0.2.tgz 0ms (cache hit)
npm http cache call-bind-apply-helpers@https://registry.npmjs.org/call-bind-apply-helpers/-/call-bind-apply-helpers-1.0.2.tgz 0ms (cache hit)
npm http cache get-intrinsic@https://registry.npmjs.org/get-intrinsic/-/get-intrinsic-1.3.0.tgz 0ms (cache hit)
npm http cache es-errors@https://registry.npmjs.org/es-errors/-/es-errors-1.3.0.tgz 0ms (cache hit)
npm http cache mime-types@https://registry.npmjs.org/mime-types/-/mime-types-2.1.35.tgz 0ms (cache hit)
npm http cache hasown@https://registry.npmjs.org/hasown/-/hasown-2.0.2.tgz 0ms (cache hit)
npm http cache delayed-stream@https://registry.npmjs.org/delayed-stream/-/delayed-stream-1.0.0.tgz 0ms (cache hit)
npm http cache es-set-tostringtag@https://registry.npmjs.org/es-set-tostringtag/-/es-set-tostringtag-2.1.0.tgz 0ms (cache hit)
npm http cache asynckit@https://registry.npmjs.org/asynckit/-/asynckit-0.4.0.tgz 0ms (cache hit)
npm http cache combined-stream@https://registry.npmjs.org/combined-stream/-/combined-stream-1.0.8.tgz 0ms (cache hit)
npm http cache entities@https://registry.npmjs.org/entities/-/entities-2.2.0.tgz 0ms (cache hit)
npm http cache nth-check@https://registry.npmjs.org/nth-check/-/nth-check-2.1.1.tgz 0ms (cache hit)
npm http cache domutils@https://registry.npmjs.org/domutils/-/domutils-2.8.0.tgz 0ms (cache hit)
npm http cache domelementtype@https://registry.npmjs.org/domelementtype/-/domelementtype-2.3.0.tgz 0ms (cache hit)
npm http cache boolbase@https://registry.npmjs.org/boolbase/-/boolbase-1.0.0.tgz 0ms (cache hit)
npm http cache css-what@https://registry.npmjs.org/css-what/-/css-what-6.2.2.tgz 0ms (cache hit)
npm http cache css-select@https://registry.npmjs.org/css-select/-/css-select-4.3.0.tgz 0ms (cache hit)
npm http cache tslib@https://registry.npmjs.org/tslib/-/tslib-2.8.1.tgz 0ms (cache hit)
npm http cache parse5-htmlparser2-tree-adapter@https://registry.npmjs.org/parse5-htmlparser2-tree-adapter/-/parse5-htmlparser2-tree-adapter-6.0.1.tgz 0ms (cache hit)
npm http cache htmlparser2@https://registry.npmjs.org/htmlparser2/-/htmlparser2-6.1.0.tgz 0ms (cache hit)
npm http cache parse5@https://registry.npmjs.org/parse5/-/parse5-6.0.1.tgz 0ms (cache hit)
npm http cache domhandler@https://registry.npmjs.org/domhandler/-/domhandler-4.3.1.tgz 0ms (cache hit)
npm http cache dom-serializer@https://registry.npmjs.org/dom-serializer/-/dom-serializer-1.4.1.tgz 0ms (cache hit)
npm http cache cheerio-select@https://registry.npmjs.org/cheerio-select/-/cheerio-select-1.6.0.tgz 0ms (cache hit)
npm http cache follow-redirects@https://registry.npmjs.org/follow-redirects/-/follow-redirects-1.15.11.tgz 0ms (cache hit)
npm http cache unraw@https://registry.npmjs.org/unraw/-/unraw-2.0.1.tgz 0ms (cache hit)
npm http cache form-data@https://registry.npmjs.org/form-data/-/form-data-4.0.5.tgz 1ms (cache hit)
npm http cache serialize-error@https://registry.npmjs.org/serialize-error/-/serialize-error-7.0.1.tgz 0ms (cache hit)
npm http cache cheerio@https://registry.npmjs.org/cheerio/-/cheerio-1.0.0-rc.10.tgz 0ms (cache hit)
npm http cache axios@https://registry.npmjs.org/axios/-/axios-0.21.4.tgz 0ms (cache hit)
npm http cache matcher@https://registry.npmjs.org/matcher/-/matcher-3.0.0.tgz 0ms (cache hit)
npm http cache es6-error@https://registry.npmjs.org/es6-error/-/es6-error-4.1.1.tgz 0ms (cache hit)
npm http cache roarr@https://registry.npmjs.org/roarr/-/roarr-2.15.4.tgz 0ms (cache hit)
npm http cache boolean@https://registry.npmjs.org/boolean/-/boolean-3.2.0.tgz 0ms (cache hit)
npm http cache universalify@https://registry.npmjs.org/universalify/-/universalify-0.1.2.tgz 0ms (cache hit)
npm http cache pump@https://registry.npmjs.org/pump/-/pump-3.0.4.tgz 0ms (cache hit)
npm http cache jsonfile@https://registry.npmjs.org/jsonfile/-/jsonfile-4.0.0.tgz 0ms (cache hit)
npm http cache get-stream@https://registry.npmjs.org/get-stream/-/get-stream-5.2.0.tgz 0ms (cache hit)
npm http cache graceful-fs@https://registry.npmjs.org/graceful-fs/-/graceful-fs-4.2.11.tgz 0ms (cache hit)
npm http cache yauzl@https://registry.npmjs.org/yauzl/-/yauzl-2.10.0.tgz 0ms (cache hit)
npm http cache @types/yauzl@https://registry.npmjs.org/@types/yauzl/-/yauzl-2.10.3.tgz 0ms (cache hit)
npm http cache undici-types@https://registry.npmjs.org/undici-types/-/undici-types-6.21.0.tgz 0ms (cache hit)
npm http cache ms@https://registry.npmjs.org/ms/-/ms-2.1.3.tgz 0ms (cache hit)
npm http cache sumchecker@https://registry.npmjs.org/sumchecker/-/sumchecker-3.0.1.tgz 0ms (cache hit)
npm http cache progress@https://registry.npmjs.org/progress/-/progress-2.0.3.tgz 0ms (cache hit)
npm http cache semver@https://registry.npmjs.org/semver/-/semver-6.3.1.tgz 0ms (cache hit)
npm http cache global-agent@https://registry.npmjs.org/global-agent/-/global-agent-3.0.0.tgz 0ms (cache hit)
npm http cache got@https://registry.npmjs.org/got/-/got-11.8.6.tgz 0ms (cache hit)
npm http cache fs-extra@https://registry.npmjs.org/fs-extra/-/fs-extra-8.1.0.tgz 0ms (cache hit)
npm http cache debug@https://registry.npmjs.org/debug/-/debug-4.4.3.tgz 0ms (cache hit)
npm http cache @electron/get@https://registry.npmjs.org/@electron/get/-/get-2.0.3.tgz 0ms (cache hit)
npm http cache env-paths@https://registry.npmjs.org/env-paths/-/env-paths-2.2.1.tgz 0ms (cache hit)
npm http cache extract-zip@https://registry.npmjs.org/extract-zip/-/extract-zip-2.0.1.tgz 0ms (cache hit)
npm http cache @types/node@https://registry.npmjs.org/@types/node/-/node-20.19.35.tgz 0ms (cache hit)
npm http cache marked@https://registry.npmjs.org/marked/-/marked-15.0.12.tgz 0ms (cache hit)
npm http cache googlethis@https://registry.npmjs.org/googlethis/-/googlethis-1.8.0.tgz 0ms (cache hit)
npm http cache electron@https://registry.npmjs.org/electron/-/electron-34.5.8.tgz 0ms (cache hit)
npm http cache semver@https://registry.npmjs.org/semver/-/semver-7.7.4.tgz 0ms (cache hit)
npm http cache mimic-response@https://registry.npmjs.org/mimic-response/-/mimic-response-3.1.0.tgz 0ms (cache hit)
npm http fetch POST 200 https://registry.npmjs.org/-/npm/v1/security/advisories/bulk 133ms
npm http cache https://registry.npmjs.org/axios 567ms (cache hit)
npm http fetch GET 200 https://registry.npmjs.org/electron 723ms (cache revalidated)
npm http cache https://registry.npmjs.org/googlethis 267ms (cache hit)
npm warn deprecated boolean@3.2.0: Package no longer supported. Contact Support at https://www.npmjs.com/support for more info.
npm info run electron@34.5.8 postinstall node_modules/electron node install.js
npm info run electron@34.5.8 postinstall { code: 1, signal: null }
npm verbose stack Error: command failed
npm verbose stack     at promiseSpawn (C:\Program Files\nodejs\node_modules\npm\node_modules\@npmcli\promise-spawn\lib\index.js:22:22)
npm verbose stack     at spawnWithShell (C:\Program Files\nodejs\node_modules\npm\node_modules\@npmcli\promise-spawn\lib\index.js:124:10)
npm verbose stack     at promiseSpawn (C:\Program Files\nodejs\node_modules\npm\node_modules\@npmcli\promise-spawn\lib\index.js:12:12)
npm verbose stack     at runScriptPkg (C:\Program Files\nodejs\node_modules\npm\node_modules\@npmcli\run-script\lib\run-script-pkg.js:79:13)
npm verbose stack     at runScript (C:\Program Files\nodejs\node_modules\npm\node_modules\@npmcli\run-script\lib\run-script.js:9:12)
npm verbose stack     at C:\Program Files\nodejs\node_modules\npm\node_modules\@npmcli\arborist\lib\arborist\rebuild.js:329:17
npm verbose stack     at run (C:\Program Files\nodejs\node_modules\npm\node_modules\promise-call-limit\dist\commonjs\index.js:67:22)
npm verbose stack     at C:\Program Files\nodejs\node_modules\npm\node_modules\promise-call-limit\dist\commonjs\index.js:84:9
npm verbose stack     at new Promise (<anonymous>)
npm verbose stack     at callLimit (C:\Program Files\nodejs\node_modules\npm\node_modules\promise-call-limit\dist\commonjs\index.js:35:69)
npm verbose pkgid electron@34.5.8
npm error code 1
npm error path \\wsl.localhost\Ubuntu-24.04\home\ai\code\NeuralDeck\node_modules\electron
npm error command failed
npm error command C:\WINDOWS\system32\cmd.exe /d /s /c node install.js
npm error '\\wsl.localhost\Ubuntu-24.04\home\ai\code\NeuralDeck\node_modules\electron'
npm error CMD.EXE was started with the above path as the current directory.
npm error UNC paths are not supported.  Defaulting to Windows directory.
npm error node:internal/modules/cjs/loader:1386
npm error   throw err;
npm error   ^
npm error
npm error Error: Cannot find module 'C:\Windows\install.js'
npm error     at Function._resolveFilename (node:internal/modules/cjs/loader:1383:15)
npm error     at defaultResolveImpl (node:internal/modules/cjs/loader:1025:19)
npm error     at resolveForCJSWithHooks (node:internal/modules/cjs/loader:1030:22)
npm error     at Function._load (node:internal/modules/cjs/loader:1192:37)
npm error     at TracingChannel.traceSync (node:diagnostics_channel:328:14)
npm error     at wrapModuleLoad (node:internal/modules/cjs/loader:237:24)
npm error     at Function.executeUserEntryPoint [as runMain] (node:internal/modules/run_main:171:5)
npm error     at node:internal/main/run_main_module:36:49 {
npm error   code: 'MODULE_NOT_FOUND',
npm error   requireStack: []
npm error }
npm error
npm error Node.js v22.21.1
npm verbose cwd \\wsl.localhost\Ubuntu-24.04\home\ai\code\NeuralDeck
npm verbose os Windows_NT 10.0.26200
npm verbose node v22.21.1
npm verbose npm  v10.9.4
npm verbose exit 1
npm verbose code 1
npm error A complete log of this run can be found in: C:\Users\engineer\AppData\Local\npm-cache\_logs\2026-03-01T07_50_30_460Z-debug-0.log
